running develop
running egg_info
writing urdf_tutorial.egg-info/PKG-INFO
writing dependency_links to urdf_tutorial.egg-info/dependency_links.txt
writing entry points to urdf_tutorial.egg-info/entry_points.txt
writing requirements to urdf_tutorial.egg-info/requires.txt
writing top-level names to urdf_tutorial.egg-info/top_level.txt
reading manifest file 'urdf_tutorial.egg-info/SOURCES.txt'
writing manifest file 'urdf_tutorial.egg-info/SOURCES.txt'
running build_ext
Creating /root/ws_robot/install/urdf_tutorial/lib/python3.10/site-packages/urdf-tutorial.egg-link (link to .)

Installed /root/ws_robot/build/urdf_tutorial
running symlink_data
symbolically linking /root/ws_robot/build/urdf_tutorial/resource/urdf_tutorial -> /root/ws_robot/install/urdf_tutorial/share/ament_index/resource_index/packages
symbolically linking /root/ws_robot/build/urdf_tutorial/package.xml -> /root/ws_robot/install/urdf_tutorial/share/urdf_tutorial
symbolically linking /root/ws_robot/build/urdf_tutorial/launch/robot_1.launch.py -> /root/ws_robot/install/urdf_tutorial/share/urdf_tutorial/launch
symbolically linking /root/ws_robot/build/urdf_tutorial/launch/robot_2.launch.py -> /root/ws_robot/install/urdf_tutorial/share/urdf_tutorial/launch
symbolically linking /root/ws_robot/build/urdf_tutorial/launch/robot_3.launch.py -> /root/ws_robot/install/urdf_tutorial/share/urdf_tutorial/launch
symbolically linking /root/ws_robot/build/urdf_tutorial/launch/sim.launch.py -> /root/ws_robot/install/urdf_tutorial/share/urdf_tutorial/launch
symbolically linking /root/ws_robot/build/urdf_tutorial/urdf/robot_2.third.xacro -> /root/ws_robot/install/urdf_tutorial/share/urdf_tutorial/urdf
symbolically linking /root/ws_robot/build/urdf_tutorial/urdf/robot_2.first.xacro -> /root/ws_robot/install/urdf_tutorial/share/urdf_tutorial/urdf
symbolically linking /root/ws_robot/build/urdf_tutorial/urdf/robot_3.xacro -> /root/ws_robot/install/urdf_tutorial/share/urdf_tutorial/urdf
symbolically linking /root/ws_robot/build/urdf_tutorial/urdf/robot_2.second.xacro -> /root/ws_robot/install/urdf_tutorial/share/urdf_tutorial/urdf
symbolically linking /root/ws_robot/build/urdf_tutorial/urdf/robot_2.xacro -> /root/ws_robot/install/urdf_tutorial/share/urdf_tutorial/urdf
symbolically linking /root/ws_robot/build/urdf_tutorial/urdf/robot_1.xacro -> /root/ws_robot/install/urdf_tutorial/share/urdf_tutorial/urdf
symbolically linking /root/ws_robot/build/urdf_tutorial/urdf/macros.xacro -> /root/ws_robot/install/urdf_tutorial/share/urdf_tutorial/urdf
