running develop
Removing /root/ws_robot/install/urdf_tutorial/lib/python3.10/site-packages/urdf-tutorial.egg-link (link to .)
running egg_info
writing ../../build/urdf_tutorial/urdf_tutorial.egg-info/PKG-INFO
writing dependency_links to ../../build/urdf_tutorial/urdf_tutorial.egg-info/dependency_links.txt
writing entry points to ../../build/urdf_tutorial/urdf_tutorial.egg-info/entry_points.txt
writing requirements to ../../build/urdf_tutorial/urdf_tutorial.egg-info/requires.txt
writing top-level names to ../../build/urdf_tutorial/urdf_tutorial.egg-info/top_level.txt
reading manifest file '../../build/urdf_tutorial/urdf_tutorial.egg-info/SOURCES.txt'
writing manifest file '../../build/urdf_tutorial/urdf_tutorial.egg-info/SOURCES.txt'
running build
running build_py
creating /root/ws_robot/build/urdf_tutorial/build
creating /root/ws_robot/build/urdf_tutorial/build/lib
creating /root/ws_robot/build/urdf_tutorial/build/lib/urdf_tutorial
copying urdf_tutorial/__init__.py -> /root/ws_robot/build/urdf_tutorial/build/lib/urdf_tutorial
running install
running install_lib
creating /root/ws_robot/install/urdf_tutorial/lib/python3.10/site-packages/urdf_tutorial
copying /root/ws_robot/build/urdf_tutorial/build/lib/urdf_tutorial/__init__.py -> /root/ws_robot/install/urdf_tutorial/lib/python3.10/site-packages/urdf_tutorial
byte-compiling /root/ws_robot/install/urdf_tutorial/lib/python3.10/site-packages/urdf_tutorial/__init__.py to __init__.cpython-310.pyc
running install_data
copying resource/urdf_tutorial -> /root/ws_robot/install/urdf_tutorial/share/ament_index/resource_index/packages
copying package.xml -> /root/ws_robot/install/urdf_tutorial/share/urdf_tutorial
copying launch/robot_1.launch.py -> /root/ws_robot/install/urdf_tutorial/share/urdf_tutorial/launch
copying launch/robot_2.launch.py -> /root/ws_robot/install/urdf_tutorial/share/urdf_tutorial/launch
copying launch/robot_3.launch.py -> /root/ws_robot/install/urdf_tutorial/share/urdf_tutorial/launch
copying launch/sim.launch.py -> /root/ws_robot/install/urdf_tutorial/share/urdf_tutorial/launch
copying urdf/robot_2.third.xacro -> /root/ws_robot/install/urdf_tutorial/share/urdf_tutorial/urdf
copying urdf/robot_2.first.xacro -> /root/ws_robot/install/urdf_tutorial/share/urdf_tutorial/urdf
copying urdf/robot_3.xacro -> /root/ws_robot/install/urdf_tutorial/share/urdf_tutorial/urdf
copying urdf/robot_2.second.xacro -> /root/ws_robot/install/urdf_tutorial/share/urdf_tutorial/urdf
copying urdf/robot_2.xacro -> /root/ws_robot/install/urdf_tutorial/share/urdf_tutorial/urdf
copying urdf/robot_1.xacro -> /root/ws_robot/install/urdf_tutorial/share/urdf_tutorial/urdf
copying urdf/macros.xacro -> /root/ws_robot/install/urdf_tutorial/share/urdf_tutorial/urdf
running install_egg_info
Copying ../../build/urdf_tutorial/urdf_tutorial.egg-info to /root/ws_robot/install/urdf_tutorial/lib/python3.10/site-packages/urdf_tutorial-0.0.0-py3.10.egg-info
running install_scripts
writing list of installed files to '/root/ws_robot/build/urdf_tutorial/install.log'
