[0.434s] Invoking command in '/root/ws_robot/build/urdf_tutorial': PYTHONPATH=/root/ws_robot/build/urdf_tutorial/prefix_override:/root/ws_robot/install/urdf_tutorial/lib/python3.10/site-packages:${PYTHONPATH} /usr/bin/python3 -W ignore:setup.py install is deprecated setup.py develop --uninstall --editable --build-directory /root/ws_robot/build/urdf_tutorial/build
[0.612s] running develop
[0.722s] Removing /root/ws_robot/install/urdf_tutorial/lib/python3.10/site-packages/urdf-tutorial.egg-link (link to .)
[0.744s] Invoked command in '/root/ws_robot/build/urdf_tutorial' returned '0': PYTHONPATH=/root/ws_robot/build/urdf_tutorial/prefix_override:/root/ws_robot/install/urdf_tutorial/lib/python3.10/site-packages:${PYTHONPATH} /usr/bin/python3 -W ignore:setup.py install is deprecated setup.py develop --uninstall --editable --build-directory /root/ws_robot/build/urdf_tutorial/build
[0.745s] Invoking command in '/root/ws_robot/src/urdf_tutorial': PYTHONPATH=/root/ws_robot/build/urdf_tutorial/prefix_override:/root/ws_robot/install/urdf_tutorial/lib/python3.10/site-packages:${PYTHONPATH} /usr/bin/python3 -W ignore:setup.py install is deprecated setup.py egg_info --egg-base ../../build/urdf_tutorial build --build-base /root/ws_robot/build/urdf_tutorial/build install --record /root/ws_robot/build/urdf_tutorial/install.log --single-version-externally-managed install_data --force
[0.909s] running egg_info
[0.910s] writing ../../build/urdf_tutorial/urdf_tutorial.egg-info/PKG-INFO
[0.910s] writing dependency_links to ../../build/urdf_tutorial/urdf_tutorial.egg-info/dependency_links.txt
[0.910s] writing entry points to ../../build/urdf_tutorial/urdf_tutorial.egg-info/entry_points.txt
[0.910s] writing requirements to ../../build/urdf_tutorial/urdf_tutorial.egg-info/requires.txt
[0.910s] writing top-level names to ../../build/urdf_tutorial/urdf_tutorial.egg-info/top_level.txt
[0.911s] reading manifest file '../../build/urdf_tutorial/urdf_tutorial.egg-info/SOURCES.txt'
[0.915s] writing manifest file '../../build/urdf_tutorial/urdf_tutorial.egg-info/SOURCES.txt'
[0.915s] running build
[0.915s] running build_py
[0.915s] creating /root/ws_robot/build/urdf_tutorial/build
[0.915s] creating /root/ws_robot/build/urdf_tutorial/build/lib
[0.915s] creating /root/ws_robot/build/urdf_tutorial/build/lib/urdf_tutorial
[0.915s] copying urdf_tutorial/__init__.py -> /root/ws_robot/build/urdf_tutorial/build/lib/urdf_tutorial
[0.915s] running install
[0.915s] running install_lib
[0.916s] creating /root/ws_robot/install/urdf_tutorial/lib/python3.10/site-packages/urdf_tutorial
[0.916s] copying /root/ws_robot/build/urdf_tutorial/build/lib/urdf_tutorial/__init__.py -> /root/ws_robot/install/urdf_tutorial/lib/python3.10/site-packages/urdf_tutorial
[0.916s] byte-compiling /root/ws_robot/install/urdf_tutorial/lib/python3.10/site-packages/urdf_tutorial/__init__.py to __init__.cpython-310.pyc
[0.916s] running install_data
[0.916s] copying resource/urdf_tutorial -> /root/ws_robot/install/urdf_tutorial/share/ament_index/resource_index/packages
[0.916s] copying package.xml -> /root/ws_robot/install/urdf_tutorial/share/urdf_tutorial
[0.916s] copying launch/robot_1.launch.py -> /root/ws_robot/install/urdf_tutorial/share/urdf_tutorial/launch
[0.917s] copying launch/robot_2.launch.py -> /root/ws_robot/install/urdf_tutorial/share/urdf_tutorial/launch
[0.917s] copying launch/robot_3.launch.py -> /root/ws_robot/install/urdf_tutorial/share/urdf_tutorial/launch
[0.917s] copying launch/sim.launch.py -> /root/ws_robot/install/urdf_tutorial/share/urdf_tutorial/launch
[0.917s] copying urdf/robot_2.third.xacro -> /root/ws_robot/install/urdf_tutorial/share/urdf_tutorial/urdf
[0.917s] copying urdf/robot_2.first.xacro -> /root/ws_robot/install/urdf_tutorial/share/urdf_tutorial/urdf
[0.918s] copying urdf/robot_3.xacro -> /root/ws_robot/install/urdf_tutorial/share/urdf_tutorial/urdf
[0.918s] copying urdf/robot_2.second.xacro -> /root/ws_robot/install/urdf_tutorial/share/urdf_tutorial/urdf
[0.918s] copying urdf/robot_2.xacro -> /root/ws_robot/install/urdf_tutorial/share/urdf_tutorial/urdf
[0.918s] copying urdf/robot_1.xacro -> /root/ws_robot/install/urdf_tutorial/share/urdf_tutorial/urdf
[0.918s] copying urdf/macros.xacro -> /root/ws_robot/install/urdf_tutorial/share/urdf_tutorial/urdf
[0.918s] running install_egg_info
[0.919s] Copying ../../build/urdf_tutorial/urdf_tutorial.egg-info to /root/ws_robot/install/urdf_tutorial/lib/python3.10/site-packages/urdf_tutorial-0.0.0-py3.10.egg-info
[0.920s] running install_scripts
[0.934s] writing list of installed files to '/root/ws_robot/build/urdf_tutorial/install.log'
[0.951s] Invoked command in '/root/ws_robot/src/urdf_tutorial' returned '0': PYTHONPATH=/root/ws_robot/build/urdf_tutorial/prefix_override:/root/ws_robot/install/urdf_tutorial/lib/python3.10/site-packages:${PYTHONPATH} /usr/bin/python3 -W ignore:setup.py install is deprecated setup.py egg_info --egg-base ../../build/urdf_tutorial build --build-base /root/ws_robot/build/urdf_tutorial/build install --record /root/ws_robot/build/urdf_tutorial/install.log --single-version-externally-managed install_data --force
